<?xml version="1.0" encoding="UTF-8"?>
<testsuite xmlns:xsi="http://www.w3.org/2001/XMLSchema-instance" xsi:noNamespaceSchemaLocation="https://maven.apache.org/surefire/maven-surefire-plugin/xsd/surefire-test-report-3.0.xsd" version="3.0" name="com.association.duesportal.AuthServiceTests" time="7.333" tests="8" errors="0" skipped="0" failures="0">
  <properties>
[...]
</properties>
  <testcase name="testGoogleLoginSuccess" classname="com.association.duesportal.AuthServiceTests" time="0.184">
    <system-out><![CDATA[21:12:38.977 [main] INFO org.springframework.test.context.support.AnnotationConfigContextLoaderUtils -- Could not detect default configuration classes for test class [com.association.duesportal.AuthServiceTests]: AuthServiceTests does not declare any static, non-private, non-final, nested classes annotated with @Configuration.
21:12:39.126 [main] INFO org.springframework.boot.test.context.SpringBootTestContextBootstrapper -- Found @SpringBootConfiguration com.association.duesportal.DuesPortalApplication for test class com.association.duesportal.AuthServiceTests

  .   ____          _            __ _ _
 /\\ / ___'_ __ _ _(_)_ __  __ _ \ \ \ \
( ( )\___ | '_ | '_| | '_ \/ _` | \ \ \ \
 \\/  ___)| |_)| | | | | || (_| |  ) ) ) )
  '  |____| .__|_| |_|_| |_\__, | / / / /
 =========|_|==============|___/=/_/_/_/

 :: Spring Boot ::                (v3.3.3)

2026-09-20T21:12:39.587+02:00  INFO 10619 --- [           main] c.a.duesportal.AuthServiceTests          : Starting AuthServiceTests using Java 26.0.2 with PID 10619 (started by stephenkarikari in /Users/stephenkarikari/Documents/DuesPortal/backend)
2026-09-20T21:12:39.589+02:00  INFO 10619 --- [           main] c.a.duesportal.AuthServiceTests          : No active profile set, falling back to 1 default profile: "default"
2026-09-20T21:12:40.478+02:00  INFO 10619 --- [           main] .s.d.r.c.RepositoryConfigurationDelegate : Bootstrapping Spring Data JPA repositories in DEFAULT mode.
2026-09-20T21:12:40.583+02:00  INFO 10619 --- [           main] .s.d.r.c.RepositoryConfigurationDelegate : Finished Spring Data repository scanning in 95 ms. Found 7 JPA repository interfaces.
2026-09-20T21:12:41.290+02:00  INFO 10619 --- [           main] o.hibernate.jpa.internal.util.LogHelper  : HHH000204: Processing PersistenceUnitInfo [name: default]
2026-09-20T21:12:41.360+02:00  INFO 10619 --- [           main] org.hibernate.Version                    : HHH000412: Hibernate ORM core version 6.5.2.Final
2026-09-20T21:12:41.399+02:00  INFO 10619 --- [           main] o.h.c.internal.RegionFactoryInitiator    : HHH000026: Second-level cache disabled
2026-09-20T21:12:41.792+02:00  INFO 10619 --- [           main] o.s.o.j.p.SpringPersistenceUnitInfo      : No LoadTimeWeaver setup: ignoring JPA class transformer
2026-09-20T21:12:41.825+02:00  INFO 10619 --- [           main] com.zaxxer.hikari.HikariDataSource       : HikariPool-1 - Starting...
2026-09-20T21:12:42.025+02:00  INFO 10619 --- [           main] com.zaxxer.hikari.pool.HikariPool        : HikariPool-1 - Added connection conn0: url=jdbc:h2:mem:testduesportaldb user=SA
2026-09-20T21:12:42.026+02:00  INFO 10619 --- [           main] com.zaxxer.hikari.HikariDataSource       : HikariPool-1 - Start completed.
2026-09-20T21:12:42.055+02:00  WARN 10619 --- [           main] org.hibernate.orm.deprecation            : HHH90000025: H2Dialect does not need to be specified explicitly using 'hibernate.dialect' (remove the property setting and it will be selected by default)
2026-09-20T21:12:43.201+02:00  INFO 10619 --- [           main] o.h.e.t.j.p.i.JtaPlatformInitiator       : HHH000489: No JTA platform available (set 'hibernate.transaction.jta.platform' to enable JTA platform integration)
2026-09-20T21:12:43.278+02:00  INFO 10619 --- [           main] j.LocalContainerEntityManagerFactoryBean : Initialized JPA EntityManagerFactory for persistence unit 'default'
2026-09-20T21:12:43.653+02:00  INFO 10619 --- [           main] o.s.d.j.r.query.QueryEnhancerFactory     : Hibernate is in classpath; If applicable, HQL parser will be used.
2026-09-20T21:12:44.980+02:00  WARN 10619 --- [           main] JpaBaseConfiguration$JpaWebConfiguration : spring.jpa.open-in-view is enabled by default. Therefore, database queries may be performed during view rendering. Explicitly configure spring.jpa.open-in-view to disable this warning
2026-09-20T21:12:45.007+02:00  INFO 10619 --- [           main] o.s.b.a.w.s.WelcomePageHandlerMapping    : Adding welcome page: class path resource [static/index.html]
2026-09-20T21:12:45.474+02:00  INFO 10619 --- [           main] c.a.duesportal.AuthServiceTests          : Started AuthServiceTests in 6.19 seconds (process running for 7.363)
]]></system-out>
  </testcase>
  <testcase name="testVerifyMemberCodeAndSetPassword" classname="com.association.duesportal.AuthServiceTests" time="0.061"/>
  <testcase name="testDeleteMemberWithAnnouncementsAndDependencies" classname="com.association.duesportal.AuthServiceTests" time="0.064"/>
  <testcase name="testForgotPasswordAndResetPasswordFlow" classname="com.association.duesportal.AuthServiceTests" time="0.027">
    <system-out><![CDATA[====================================================
📧 [SIMULATED EMAIL DISPATCH] Password Reset Code
To: reset.member.1789931566016@association.org (Ama Darko)
Reset OTP Code: 907338
Valid For: 15 minutes
====================================================
]]></system-out>
  </testcase>
  <testcase name="testLoginWithMemberCode" classname="com.association.duesportal.AuthServiceTests" time="0.01"/>
  <testcase name="testMultipleAdminRegistrationAllowed" classname="com.association.duesportal.AuthServiceTests" time="0.019"/>
  <testcase name="testAdminLoginWithEmail" classname="com.association.duesportal.AuthServiceTests" time="0.049"/>
  <testcase name="testGoogleLoginUnregisteredThrowsNoAccountFound" classname="com.association.duesportal.AuthServiceTests" time="0.008"/>
</testsuite>